<?xml version="1.0" encoding="UTF-8"?>
<!-- Generated by org.testng.reporters.JUnitReportReporter -->
<testsuite hostname="CHNMCT367870L" failures="0" tests="3" name="docker.SleniumwithChrome" time="15.244" errors="0" timestamp="2020-09-11T16:36:19 IST" skipped="0">
  <testcase classname="docker.SleniumwithChrome" name="f" time="0.036"/>
  <system-out/>
  <testcase classname="docker.SleniumwithChrome" name="f3" time="1.068"/>
  <system-out/>
  <testcase classname="docker.SleniumwithChrome" name="f2" time="14.140"/>
  <system-out/>
</testsuite> <!-- docker.SleniumwithChrome -->
