<?xml version="1.0" encoding="UTF-8"?>
<!-- Generated by org.testng.reporters.JUnitReportReporter -->
<testsuite hostname="CHNMCT367870L" failures="0" tests="3" name="docker.Firefoxtest1" time="6.284" errors="0" timestamp="2020-09-11T17:07:28 IST" skipped="0">
  <testcase classname="docker.Firefoxtest1" name="f3" time="0.879"/>
  <system-out/>
  <testcase classname="docker.Firefoxtest1" name="f" time="0.055"/>
  <system-out/>
  <testcase classname="docker.Firefoxtest1" name="f2" time="5.350"/>
  <system-out/>
</testsuite> <!-- docker.Firefoxtest1 -->
